[2022-07-03T21:38:00.292] [INFO] Server - Listening at 8080...
[2022-07-03T21:38:00.339] [INFO] Server - Running socketio server....
[2022-07-03T21:41:32.167] [INFO] Server - connection request [roomId:"signalingtestroom", peerId:"e6tcmx1b"]
[2022-07-03T21:41:32.169] [INFO] Server - creating a new Room [roomId:"signalingtestroom"]
[2022-07-03T21:41:32.170] [INFO] Room - create() [roomId:"signalingtestroom"]
[2022-07-03T21:41:32.171] [INFO] Room - constructor() [roomId:"signalingtestroom"]
[2022-07-03T21:41:32.174] [INFO] Peer - constructor() [id:"e6tcmx1b", socket:"fUAKwy-e6QADZO0dAAAA"]
[2022-07-03T21:41:32.175] [INFO] Room - handlePeer() id: e6tcmx1b, address: ::1
[2022-07-03T21:41:32.180] [INFO] Server - new peer, e6tcmx1b, fUAKwy-e6QADZO0dAAAA
[2022-07-03T21:41:32.194] [DEBUG] Room - Peer "request" event [room:"signalingtestroom", method:"join", peerId:"e6tcmx1b"]
[2022-07-03T21:41:32.198] [DEBUG] Room - peer joined [peer: "e6tcmx1b", displayName: "jamie", picture: "undefined", platform: "undefined"]
[2022-07-03T21:41:43.726] [INFO] Server - connection request [roomId:"signalingtestroom", peerId:"vauana6a"]
[2022-07-03T21:41:43.728] [INFO] Peer - constructor() [id:"vauana6a", socket:"8vMch7lXN-XnsK2AAAAB"]
[2022-07-03T21:41:43.729] [INFO] Room - handlePeer() id: vauana6a, address: ::1
[2022-07-03T21:41:43.730] [INFO] Server - new peer, vauana6a, 8vMch7lXN-XnsK2AAAAB
[2022-07-03T21:41:43.772] [DEBUG] Room - Peer "request" event [room:"signalingtestroom", method:"join", peerId:"vauana6a"]
[2022-07-03T21:41:43.775] [DEBUG] Room - peer joined [peer: "vauana6a", displayName: "kate", picture: "undefined", platform: "undefined"]
[2022-07-03T21:42:07.611] [DEBUG] Room - Peer "request" event [room:"signalingtestroom", method:"sdpOffer", peerId:"e6tcmx1b"]
[2022-07-03T21:42:07.625] [DEBUG] Room - Peer "request" event [room:"signalingtestroom", method:"newIceCandidate", peerId:"e6tcmx1b"]
[2022-07-03T21:42:07.639] [DEBUG] Room - Peer "request" event [room:"signalingtestroom", method:"newIceCandidate", peerId:"e6tcmx1b"]
[2022-07-03T21:42:07.640] [DEBUG] Room - Peer "request" event [room:"signalingtestroom", method:"newIceCandidate", peerId:"e6tcmx1b"]
[2022-07-03T21:42:07.712] [DEBUG] Room - Peer "request" event [room:"signalingtestroom", method:"sdpAnswer", peerId:"vauana6a"]
[2022-07-03T21:42:07.726] [DEBUG] Room - Peer "request" event [room:"signalingtestroom", method:"newIceCandidate", peerId:"vauana6a"]
[2022-07-03T21:42:57.535] [DEBUG] Peer - "socket disconnect" event [id:vauana6a], reason: transport close
[2022-07-03T21:42:58.160] [DEBUG] Peer - "socket disconnect" event [id:e6tcmx1b], reason: transport close
